<?xml version="1.0" encoding="UTF-8"?>
<testsuite name="com.mindex.challenge.ChallengeApplicationTests" tests="1" skipped="0" failures="0" errors="0" timestamp="2023-01-31T16:13:07" hostname="Shunyongs-MBP.lan" time="0.001">
  <properties/>
  <testcase name="contextLoads" classname="com.mindex.challenge.ChallengeApplicationTests" time="0.001"/>
  <system-out><![CDATA[2023-01-31 10:13:07.261  INFO 48204 --- [    Test worker] .b.t.c.SpringBootTestContextBootstrapper : Neither @ContextConfiguration nor @ContextHierarchy found for test class [com.mindex.challenge.ChallengeApplicationTests], using SpringBootContextLoader
2023-01-31 10:13:07.262  INFO 48204 --- [    Test worker] o.s.t.c.support.AbstractContextLoader    : Could not detect default resource locations for test class [com.mindex.challenge.ChallengeApplicationTests]: no resource found for suffixes {-context.xml, Context.groovy}.
2023-01-31 10:13:07.262  INFO 48204 --- [    Test worker] t.c.s.AnnotationConfigContextLoaderUtils : Could not detect default configuration classes for test class [com.mindex.challenge.ChallengeApplicationTests]: ChallengeApplicationTests does not declare any static, non-private, non-final, nested classes annotated with @Configuration.
2023-01-31 10:13:07.263  INFO 48204 --- [    Test worker] .b.t.c.SpringBootTestContextBootstrapper : Found @SpringBootConfiguration com.mindex.challenge.ChallengeApplication for test class com.mindex.challenge.ChallengeApplicationTests
2023-01-31 10:13:07.264  INFO 48204 --- [    Test worker] .b.t.c.SpringBootTestContextBootstrapper : Loaded default TestExecutionListener class names from location [META-INF/spring.factories]: [org.springframework.boot.test.autoconfigure.restdocs.RestDocsTestExecutionListener, org.springframework.boot.test.autoconfigure.web.client.MockRestServiceServerResetTestExecutionListener, org.springframework.boot.test.autoconfigure.web.servlet.MockMvcPrintOnlyOnFailureTestExecutionListener, org.springframework.boot.test.autoconfigure.web.servlet.WebDriverTestExecutionListener, org.springframework.boot.test.mock.mockito.MockitoTestExecutionListener, org.springframework.boot.test.mock.mockito.ResetMocksTestExecutionListener, org.springframework.test.context.web.ServletTestExecutionListener, org.springframework.test.context.support.DirtiesContextBeforeModesTestExecutionListener, org.springframework.test.context.support.DependencyInjectionTestExecutionListener, org.springframework.test.context.support.DirtiesContextTestExecutionListener, org.springframework.test.context.transaction.TransactionalTestExecutionListener, org.springframework.test.context.jdbc.SqlScriptsTestExecutionListener, org.springframework.test.context.event.EventPublishingTestExecutionListener]
2023-01-31 10:13:07.264  INFO 48204 --- [    Test worker] .b.t.c.SpringBootTestContextBootstrapper : Using TestExecutionListeners: [org.springframework.test.context.web.ServletTestExecutionListener@1c70da71, org.springframework.test.context.support.DirtiesContextBeforeModesTestExecutionListener@4dfd075a, org.springframework.boot.test.mock.mockito.MockitoTestExecutionListener@19527658, org.springframework.boot.test.autoconfigure.SpringBootDependencyInjectionTestExecutionListener@43eb3435, org.springframework.test.context.support.DirtiesContextTestExecutionListener@5952dd6b, org.springframework.test.context.transaction.TransactionalTestExecutionListener@7cb0d6cc, org.springframework.test.context.jdbc.SqlScriptsTestExecutionListener@76da9fb4, org.springframework.test.context.event.EventPublishingTestExecutionListener@6c0a47c6, org.springframework.boot.test.autoconfigure.restdocs.RestDocsTestExecutionListener@23fc66a9, org.springframework.boot.test.autoconfigure.web.client.MockRestServiceServerResetTestExecutionListener@5980c2ac, org.springframework.boot.test.autoconfigure.web.servlet.MockMvcPrintOnlyOnFailureTestExecutionListener@7b05c117, org.springframework.boot.test.autoconfigure.web.servlet.WebDriverTestExecutionListener@458f8dc6, org.springframework.boot.test.mock.mockito.ResetMocksTestExecutionListener@50672f0]
]]></system-out>
  <system-err><![CDATA[]]></system-err>
</testsuite>
