<?xml version="1.0" encoding="UTF-8"?>
<testsuite name="com.mindex.challenge.service.impl.EmployeeServiceImplTest" tests="1" skipped="0" failures="0" errors="0" timestamp="2023-01-31T16:13:07" hostname="Shunyongs-MBP.lan" time="0.147">
  <properties/>
  <testcase name="testCreateReadUpdate" classname="com.mindex.challenge.service.impl.EmployeeServiceImplTest" time="0.147"/>
  <system-out><![CDATA[2023-01-31 10:13:06.419  INFO 48204 --- [    Test worker] .b.t.c.SpringBootTestContextBootstrapper : Neither @ContextConfiguration nor @ContextHierarchy found for test class [com.mindex.challenge.service.impl.EmployeeServiceImplTest], using SpringBootContextLoader
2023-01-31 10:13:06.420  INFO 48204 --- [    Test worker] o.s.t.c.support.AbstractContextLoader    : Could not detect default resource locations for test class [com.mindex.challenge.service.impl.EmployeeServiceImplTest]: no resource found for suffixes {-context.xml, Context.groovy}.
2023-01-31 10:13:06.420  INFO 48204 --- [    Test worker] t.c.s.AnnotationConfigContextLoaderUtils : Could not detect default configuration classes for test class [com.mindex.challenge.service.impl.EmployeeServiceImplTest]: EmployeeServiceImplTest does not declare any static, non-private, non-final, nested classes annotated with @Configuration.
2023-01-31 10:13:06.426  INFO 48204 --- [    Test worker] .b.t.c.SpringBootTestContextBootstrapper : Found @SpringBootConfiguration com.mindex.challenge.ChallengeApplication for test class com.mindex.challenge.service.impl.EmployeeServiceImplTest
2023-01-31 10:13:06.427  INFO 48204 --- [    Test worker] .b.t.c.SpringBootTestContextBootstrapper : Loaded default TestExecutionListener class names from location [META-INF/spring.factories]: [org.springframework.boot.test.autoconfigure.restdocs.RestDocsTestExecutionListener, org.springframework.boot.test.autoconfigure.web.client.MockRestServiceServerResetTestExecutionListener, org.springframework.boot.test.autoconfigure.web.servlet.MockMvcPrintOnlyOnFailureTestExecutionListener, org.springframework.boot.test.autoconfigure.web.servlet.WebDriverTestExecutionListener, org.springframework.boot.test.mock.mockito.MockitoTestExecutionListener, org.springframework.boot.test.mock.mockito.ResetMocksTestExecutionListener, org.springframework.test.context.web.ServletTestExecutionListener, org.springframework.test.context.support.DirtiesContextBeforeModesTestExecutionListener, org.springframework.test.context.support.DependencyInjectionTestExecutionListener, org.springframework.test.context.support.DirtiesContextTestExecutionListener, org.springframework.test.context.transaction.TransactionalTestExecutionListener, org.springframework.test.context.jdbc.SqlScriptsTestExecutionListener, org.springframework.test.context.event.EventPublishingTestExecutionListener]
2023-01-31 10:13:06.428  INFO 48204 --- [    Test worker] .b.t.c.SpringBootTestContextBootstrapper : Using TestExecutionListeners: [org.springframework.test.context.web.ServletTestExecutionListener@1dee2065, org.springframework.test.context.support.DirtiesContextBeforeModesTestExecutionListener@3283393f, org.springframework.boot.test.mock.mockito.MockitoTestExecutionListener@48dc9f3a, org.springframework.boot.test.autoconfigure.SpringBootDependencyInjectionTestExecutionListener@62fe89a7, org.springframework.test.context.support.DirtiesContextTestExecutionListener@e7f7095, org.springframework.test.context.transaction.TransactionalTestExecutionListener@259eeaa4, org.springframework.test.context.jdbc.SqlScriptsTestExecutionListener@9978462, org.springframework.test.context.event.EventPublishingTestExecutionListener@1f328746, org.springframework.boot.test.autoconfigure.restdocs.RestDocsTestExecutionListener@6abca7ed, org.springframework.boot.test.autoconfigure.web.client.MockRestServiceServerResetTestExecutionListener@38a5abd4, org.springframework.boot.test.autoconfigure.web.servlet.MockMvcPrintOnlyOnFailureTestExecutionListener@da49c36, org.springframework.boot.test.autoconfigure.web.servlet.WebDriverTestExecutionListener@6272273, org.springframework.boot.test.mock.mockito.ResetMocksTestExecutionListener@92b7e95]

  .   ____          _            __ _ _
 /\\ / ___'_ __ _ _(_)_ __  __ _ \ \ \ \
( ( )\___ | '_ | '_| | '_ \/ _` | \ \ \ \
 \\/  ___)| |_)| | | | | || (_| |  ) ) ) )
  '  |____| .__|_| |_|_| |_\__, | / / / /
 =========|_|==============|___/=/_/_/_/
 :: Spring Boot ::        (v2.2.0.RELEASE)

2023-01-31 10:13:06.444  INFO 48204 --- [    Test worker] c.m.c.s.impl.EmployeeServiceImplTest     : Starting EmployeeServiceImplTest on Shunyongs-MBP.lan with PID 48204 (started by root in /Users/w/mindex-java-code-challenge)
2023-01-31 10:13:06.444 DEBUG 48204 --- [    Test worker] c.m.c.s.impl.EmployeeServiceImplTest     : Running with Spring Boot v2.2.0.RELEASE, Spring v5.2.0.RELEASE
2023-01-31 10:13:06.445  INFO 48204 --- [    Test worker] c.m.c.s.impl.EmployeeServiceImplTest     : No active profile set, falling back to default profiles: default
2023-01-31 10:13:06.512  INFO 48204 --- [    Test worker] .s.d.r.c.RepositoryConfigurationDelegate : Bootstrapping Spring Data repositories in DEFAULT mode.
2023-01-31 10:13:06.516  INFO 48204 --- [    Test worker] .s.d.r.c.RepositoryConfigurationDelegate : Finished Spring Data repository scanning in 4ms. Found 2 repository interfaces.
2023-01-31 10:13:06.674  INFO 48204 --- [    Test worker] o.s.b.w.embedded.tomcat.TomcatWebServer  : Tomcat initialized with port(s): 0 (http)
2023-01-31 10:13:06.684  INFO 48204 --- [    Test worker] o.apache.catalina.core.StandardService   : Starting service [Tomcat]
2023-01-31 10:13:06.684  INFO 48204 --- [    Test worker] org.apache.catalina.core.StandardEngine  : Starting Servlet engine: [Apache Tomcat/9.0.27]
2023-01-31 10:13:06.761  INFO 48204 --- [    Test worker] o.a.c.c.C.[Tomcat].[localhost].[/]       : Initializing Spring embedded WebApplicationContext
2023-01-31 10:13:06.761  INFO 48204 --- [    Test worker] o.s.web.context.ContextLoader            : Root WebApplicationContext: initialization completed in 314 ms
2023-01-31 10:13:06.830  INFO 48204 --- [    Test worker] de.bwaldvogel.mongo.MongoServer          : started MongoServer(port: 52278, ssl: false)
2023-01-31 10:13:06.831  INFO 48204 --- [    Test worker] org.mongodb.driver.cluster               : Cluster created with settings {hosts=[127.0.0.1:52278], mode=SINGLE, requiredClusterType=UNKNOWN, serverSelectionTimeout='30000 ms', maxWaitQueueSize=500}
2023-01-31 10:13:06.835  WARN 48204 --- [    Test worker] o.s.data.convert.CustomConversions       : Registering converter from class java.time.LocalDateTime to class java.time.Instant as reading converter although it doesn't convert from a store-supported type! You might wanna check you annotation setup at the converter implementation.
2023-01-31 10:13:06.836  WARN 48204 --- [    Test worker] o.s.data.convert.CustomConversions       : Registering converter from class java.time.Instant to class java.time.LocalDateTime as reading converter although it doesn't convert from a store-supported type! You might wanna check you annotation setup at the converter implementation.
2023-01-31 10:13:06.836  WARN 48204 --- [    Test worker] o.s.data.convert.CustomConversions       : Registering converter from class java.time.LocalDateTime to class java.time.Instant as reading converter although it doesn't convert from a store-supported type! You might wanna check you annotation setup at the converter implementation.
2023-01-31 10:13:06.837  WARN 48204 --- [    Test worker] o.s.data.convert.CustomConversions       : Registering converter from class java.time.Instant to class java.time.LocalDateTime as reading converter although it doesn't convert from a store-supported type! You might wanna check you annotation setup at the converter implementation.
2023-01-31 10:13:06.849  INFO 48204 --- [-server-worker1] d.b.mongo.wire.MongoWireProtocolHandler  : client [id: 0x8d38eaf3, L:/127.0.0.1:52278 - R:/127.0.0.1:52279] connected
2023-01-31 10:13:06.861  INFO 48204 --- [127.0.0.1:52278] org.mongodb.driver.connection            : Opened connection [connectionId{localValue:3}] to 127.0.0.1:52278
2023-01-31 10:13:06.863  INFO 48204 --- [127.0.0.1:52278] org.mongodb.driver.cluster               : Monitor thread successfully connected to server with description ServerDescription{address=127.0.0.1:52278, type=STANDALONE, state=CONNECTED, ok=true, version=ServerVersion{versionList=[3, 0, 0]}, minWireVersion=0, maxWireVersion=2, maxDocumentSize=16777216, logicalSessionTimeoutMinutes=null, roundTripTimeNanos=2274600}
2023-01-31 10:13:06.880  INFO 48204 --- [-server-worker2] d.b.mongo.wire.MongoWireProtocolHandler  : client [id: 0xd45dcfa2, L:/127.0.0.1:52278 - R:/127.0.0.1:52280] connected
2023-01-31 10:13:06.891  INFO 48204 --- [    Test worker] org.mongodb.driver.connection            : Opened connection [connectionId{localValue:4}] to 127.0.0.1:52278
2023-01-31 10:13:06.892  INFO 48204 --- [-server-worker2] d.b.mongo.backend.AbstractMongoBackend   : created database test
2023-01-31 10:13:06.892  INFO 48204 --- [-server-worker2] d.b.mongo.backend.AbstractMongoDatabase  : adding unique _id index for collection employee
2023-01-31 10:13:06.892  INFO 48204 --- [-server-worker2] d.b.mongo.backend.AbstractMongoDatabase  : created collection test.employee
2023-01-31 10:13:06.976  INFO 48204 --- [    Test worker] o.s.s.concurrent.ThreadPoolTaskExecutor  : Initializing ExecutorService 'applicationTaskExecutor'
2023-01-31 10:13:07.033  WARN 48204 --- [    Test worker] o.s.data.convert.CustomConversions       : Registering converter from class java.time.LocalDateTime to class java.time.Instant as reading converter although it doesn't convert from a store-supported type! You might wanna check you annotation setup at the converter implementation.
2023-01-31 10:13:07.033  WARN 48204 --- [    Test worker] o.s.data.convert.CustomConversions       : Registering converter from class java.time.Instant to class java.time.LocalDateTime as reading converter although it doesn't convert from a store-supported type! You might wanna check you annotation setup at the converter implementation.
2023-01-31 10:13:07.045  WARN 48204 --- [    Test worker] o.s.data.convert.CustomConversions       : Registering converter from class java.time.LocalDateTime to class java.time.Instant as reading converter although it doesn't convert from a store-supported type! You might wanna check you annotation setup at the converter implementation.
2023-01-31 10:13:07.046  WARN 48204 --- [    Test worker] o.s.data.convert.CustomConversions       : Registering converter from class java.time.Instant to class java.time.LocalDateTime as reading converter although it doesn't convert from a store-supported type! You might wanna check you annotation setup at the converter implementation.
2023-01-31 10:13:07.109  INFO 48204 --- [    Test worker] o.s.b.w.embedded.tomcat.TomcatWebServer  : Tomcat started on port(s): 52281 (http) with context path ''
2023-01-31 10:13:07.110  INFO 48204 --- [    Test worker] c.m.c.s.impl.EmployeeServiceImplTest     : Started EmployeeServiceImplTest in 0.68 seconds (JVM running for 4.844)
2023-01-31 10:13:07.198  INFO 48204 --- [o-auto-1-exec-1] o.a.c.c.C.[Tomcat].[localhost].[/]       : Initializing Spring DispatcherServlet 'dispatcherServlet'
2023-01-31 10:13:07.198  INFO 48204 --- [o-auto-1-exec-1] o.s.web.servlet.DispatcherServlet        : Initializing Servlet 'dispatcherServlet'
2023-01-31 10:13:07.209  INFO 48204 --- [o-auto-1-exec-1] o.s.web.servlet.DispatcherServlet        : Completed initialization in 11 ms
2023-01-31 10:13:07.232 DEBUG 48204 --- [o-auto-1-exec-1] c.m.c.controller.EmployeeController      : Received employee create request for [com.mindex.challenge.data.Employee@1c972e96]
2023-01-31 10:13:07.232 DEBUG 48204 --- [o-auto-1-exec-1] c.m.c.service.impl.EmployeeServiceImpl   : Creating employee [com.mindex.challenge.data.Employee@1c972e96]
2023-01-31 10:13:07.249 DEBUG 48204 --- [o-auto-1-exec-2] c.m.c.controller.EmployeeController      : Received employee create request for id [377cbe92-37d7-4d3f-86b7-de8ac16c9e5f]
2023-01-31 10:13:07.249 DEBUG 48204 --- [o-auto-1-exec-2] c.m.c.service.impl.EmployeeServiceImpl   : Creating employee with id [377cbe92-37d7-4d3f-86b7-de8ac16c9e5f]
2023-01-31 10:13:07.255 DEBUG 48204 --- [o-auto-1-exec-3] c.m.c.controller.EmployeeController      : Received employee create request for id [377cbe92-37d7-4d3f-86b7-de8ac16c9e5f] and employee [com.mindex.challenge.data.Employee@7e3be06e]
2023-01-31 10:13:07.256 DEBUG 48204 --- [o-auto-1-exec-3] c.m.c.service.impl.EmployeeServiceImpl   : Updating employee [com.mindex.challenge.data.Employee@7e3be06e]
]]></system-out>
  <system-err><![CDATA[]]></system-err>
</testsuite>
